[2016-04-01 19:36:55] START
[2016-04-10 14:54:43] EDIT ireproject/models/db.py: 7
[2016-04-10 14:54:45] EDIT ireproject/models/db.py: 0
[2016-04-10 14:54:45] EDIT ireproject/models/db.py: 0
[2016-04-10 14:54:45] EDIT ireproject/models/db.py: 0
[2016-04-10 14:54:45] EDIT ireproject/models/db.py: 0
[2016-04-10 14:55:29] EDIT ireproject/models/db.py: 0
[2016-04-10 14:58:28] EDIT ireproject/models/db.py: -7
[2016-04-10 14:59:27] EDIT ireproject/models/db.py: 7
[2016-04-10 15:03:38] EDIT ireproject/models/db.py: 0
[2016-04-11 02:40:00] EDIT ireproject/models/db.py: 0
[2016-04-11 02:40:02] EDIT ireproject/models/db.py: 0
[2016-04-11 02:40:28] EDIT ireproject/models/db.py: 0
[2016-04-11 15:04:02] EDIT ireproject/models/db.py: 0
[2016-04-11 15:15:46] EDIT ireproject/views/default/product_details.html: 1
[2016-04-11 15:16:12] EDIT ireproject/views/default/product_details.html: 0
[2016-04-11 15:16:40] EDIT ireproject/views/default/product_details.html: 0
[2016-04-11 15:18:14] EDIT ireproject/views/default/product_details.html: 0
[2016-04-11 15:18:15] EDIT ireproject/views/default/product_details.html: 0
[2016-04-11 15:18:17] EDIT ireproject/views/default/product_details.html: 0
[2016-04-11 15:18:35] EDIT ireproject/views/default/product_details.html: 0
[2016-04-11 15:22:45] EDIT ireproject/views/default/product_details.html: 0
[2016-04-11 15:26:59] EDIT ireproject/controllers/default.py: 3
[2016-04-11 15:27:10] EDIT ireproject/controllers/default.py: 0
[2016-04-11 15:27:12] EDIT ireproject/controllers/default.py: 0
[2016-04-11 15:27:12] EDIT ireproject/controllers/default.py: 0
[2016-04-11 15:27:12] EDIT ireproject/controllers/default.py: 0
[2016-04-11 15:27:12] EDIT ireproject/controllers/default.py: 0
[2016-04-11 15:27:12] EDIT ireproject/controllers/default.py: 0
[2016-04-11 15:28:12] EDIT ireproject/controllers/default.py: 1
[2016-04-11 15:32:40] EDIT ireproject/controllers/default.py: 0
[2016-04-11 15:34:25] EDIT ireproject/controllers/default.py: 0
[2016-04-11 15:34:27] EDIT ireproject/controllers/default.py: 0
[2016-04-11 15:34:32] EDIT ireproject/controllers/default.py: 0
[2016-04-11 15:34:32] EDIT ireproject/controllers/default.py: 0
[2016-04-11 15:34:32] EDIT ireproject/controllers/default.py: 0
[2016-04-11 15:34:33] EDIT ireproject/controllers/default.py: 0
[2016-04-11 15:35:08] EDIT ireproject/views/default/product_details.html: 0
[2016-04-11 15:37:22] EDIT ireproject/controllers/default.py: -2
[2016-04-11 15:41:46] EDIT ireproject/views/default/product_details.html: 0
[2016-04-11 15:41:59] EDIT ireproject/views/default/product_details.html: 0
[2016-04-11 15:43:37] CREATE default/sell.html: 0
[2016-04-11 15:45:55] EDIT ireproject/views/default/product_details.html: 0
[2016-04-11 15:45:55] EDIT ireproject/views/default/product_details.html: 0
[2016-04-11 15:45:55] EDIT ireproject/views/default/product_details.html: 0
[2016-04-11 15:45:55] EDIT ireproject/views/default/product_details.html: 0
[2016-04-11 15:45:56] EDIT ireproject/views/default/product_details.html: 0
[2016-04-11 15:51:56] EDIT ireproject/views/default/product_details.html: -1
[2016-04-11 15:52:11] EDIT ireproject/views/default/product_details.html: 1
[2016-04-11 15:52:36] EDIT ireproject/views/default/product_details.html: 0
[2016-04-11 15:53:09] EDIT ireproject/views/default/product_details.html: 0
[2016-04-11 15:53:47] EDIT ireproject/views/default/product_details.html: 0
[2016-04-11 15:53:47] EDIT ireproject/views/default/product_details.html: 0
[2016-04-11 15:53:48] EDIT ireproject/views/default/product_details.html: 0
[2016-04-11 15:53:48] EDIT ireproject/views/default/product_details.html: 0
[2016-04-11 15:54:03] EDIT ireproject/views/default/product_details.html: 0
[2016-04-11 15:54:13] EDIT ireproject/views/default/product_details.html: 0
[2016-04-11 15:54:22] EDIT ireproject/views/default/product_details.html: 0
[2016-04-11 15:54:22] EDIT ireproject/views/default/product_details.html: 0
[2016-04-11 15:54:23] EDIT ireproject/views/default/product_details.html: 0
[2016-04-11 15:54:23] EDIT ireproject/views/default/product_details.html: 0
[2016-04-11 15:54:40] EDIT ireproject/views/default/product_details.html: 0
[2016-04-11 15:54:54] EDIT ireproject/views/default/product_details.html: 0
[2016-04-11 15:56:16] EDIT ireproject/controllers/default.py: 2
[2016-04-11 15:56:16] EDIT ireproject/controllers/default.py: 0
[2016-04-11 15:56:16] EDIT ireproject/controllers/default.py: 0
[2016-04-11 15:56:57] EDIT ireproject/views/default/product_details.html: 0
[2016-04-11 15:57:35] EDIT ireproject/controllers/default.py: 0
[2016-04-11 16:01:03] EDIT ireproject/views/default/product_details.html: 0
[2016-04-11 16:01:35] EDIT ireproject/views/default/product_details.html: 0
[2016-04-11 16:02:18] EDIT ireproject/views/default/product_details.html: 0
[2016-04-11 16:02:18] EDIT ireproject/views/default/product_details.html: 0
[2016-04-11 16:02:18] EDIT ireproject/views/default/product_details.html: 0
[2016-04-11 16:02:19] EDIT ireproject/views/default/product_details.html: 0
[2016-04-11 16:02:19] EDIT ireproject/views/default/product_details.html: 0
[2016-04-11 16:07:00] EDIT ireproject/controllers/default.py: 0
[2016-04-11 16:08:29] EDIT ireproject/views/default/sell.html: -2
[2016-04-11 16:08:29] EDIT ireproject/views/default/sell.html: 0
[2016-04-11 16:08:30] EDIT ireproject/views/default/sell.html: 0
[2016-04-11 16:08:30] EDIT ireproject/views/default/sell.html: 0
[2016-04-11 16:08:30] EDIT ireproject/views/default/sell.html: 0
[2016-04-11 16:09:06] EDIT ireproject/views/default/product_details.html: 0
[2016-04-11 16:16:26] EDIT ireproject/views/default/product_details.html: 0
[2016-04-11 16:16:26] EDIT ireproject/views/default/product_details.html: 0
[2016-04-11 16:16:27] EDIT ireproject/views/default/product_details.html: 0
[2016-04-11 16:16:27] EDIT ireproject/views/default/product_details.html: 0
[2016-04-11 16:16:27] EDIT ireproject/views/default/product_details.html: 0
[2016-04-11 16:18:38] EDIT ireproject/views/default/sell.html: 1
[2016-04-11 16:19:16] EDIT ireproject/controllers/default.py: 0
[2016-04-11 16:19:59] EDIT ireproject/controllers/default.py: 0
[2016-04-11 16:20:07] EDIT ireproject/views/default/sell.html: 0
[2016-04-11 16:20:07] EDIT ireproject/views/default/sell.html: 0
[2016-04-11 16:20:07] EDIT ireproject/views/default/sell.html: 0
[2016-04-11 16:20:08] EDIT ireproject/views/default/sell.html: 0
[2016-04-11 16:20:08] EDIT ireproject/views/default/sell.html: 0
[2016-04-11 16:20:44] EDIT ireproject/controllers/default.py: 0
[2016-04-11 16:20:45] EDIT ireproject/controllers/default.py: 0
[2016-04-11 16:20:45] EDIT ireproject/controllers/default.py: 0
[2016-04-11 16:20:45] EDIT ireproject/controllers/default.py: 0
[2016-04-11 16:20:45] EDIT ireproject/controllers/default.py: 0
[2016-04-11 16:20:45] EDIT ireproject/controllers/default.py: 0
[2016-04-11 16:20:45] EDIT ireproject/controllers/default.py: 0
[2016-04-11 16:20:46] EDIT ireproject/controllers/default.py: 0
[2016-04-11 16:20:46] EDIT ireproject/controllers/default.py: 0
[2016-04-11 16:20:46] EDIT ireproject/controllers/default.py: 0
[2016-04-11 16:20:46] EDIT ireproject/controllers/default.py: 0
[2016-04-11 16:20:46] EDIT ireproject/controllers/default.py: 0
[2016-04-11 16:20:49] EDIT ireproject/views/default/sell.html: 0
[2016-04-11 16:20:49] EDIT ireproject/views/default/sell.html: 0
[2016-04-11 16:20:49] EDIT ireproject/views/default/sell.html: 0
[2016-04-11 16:20:52] EDIT ireproject/views/default/product_details.html: 0
[2016-04-11 16:20:52] EDIT ireproject/views/default/product_details.html: 0
[2016-04-11 16:20:52] EDIT ireproject/views/default/product_details.html: 0
[2016-04-11 16:20:52] EDIT ireproject/views/default/product_details.html: 0
[2016-04-11 16:20:52] EDIT ireproject/views/default/product_details.html: 0
[2016-04-11 16:20:53] EDIT ireproject/views/default/product_details.html: 0
[2016-04-11 16:20:53] EDIT ireproject/views/default/product_details.html: 0
[2016-04-11 16:20:53] EDIT ireproject/views/default/product_details.html: 0
[2016-04-11 16:20:53] EDIT ireproject/views/default/product_details.html: 0
[2016-04-11 16:20:53] EDIT ireproject/views/default/product_details.html: 0
[2016-04-11 16:20:53] EDIT ireproject/views/default/product_details.html: 0
[2016-04-11 16:22:38] EDIT ireproject/views/default/product_details.html: 0
[2016-04-11 16:22:39] EDIT ireproject/views/default/product_details.html: 0
[2016-04-11 16:22:39] EDIT ireproject/views/default/product_details.html: 0
[2016-04-11 16:22:39] EDIT ireproject/views/default/product_details.html: 0
[2016-04-11 16:23:10] EDIT ireproject/views/default/sell.html: 0
[2016-04-11 16:23:27] EDIT ireproject/views/default/product_details.html: -1
[2016-04-11 16:24:15] EDIT ireproject/views/default/product_details.html: 1
[2016-04-11 16:25:04] EDIT ireproject/views/default/product_details.html: 0
[2016-04-11 16:25:05] EDIT ireproject/views/default/product_details.html: 0
[2016-04-11 16:25:06] EDIT ireproject/views/default/product_details.html: 0
[2016-04-11 16:25:37] EDIT ireproject/views/default/product_details.html: 0
[2016-04-11 16:25:41] EDIT ireproject/views/default/product_details.html: 0
[2016-04-11 16:25:47] EDIT ireproject/views/default/product_details.html: 0
[2016-04-11 16:26:06] EDIT ireproject/views/default/product_details.html: 0
[2016-04-11 16:32:05] EDIT ireproject/views/default/product_details.html: 0
[2016-04-11 16:32:06] EDIT ireproject/views/default/product_details.html: 0
[2016-04-11 16:32:06] EDIT ireproject/views/default/product_details.html: 0
[2016-04-11 16:33:40] DELETE ireproject/views/default/product_details.html.1: -3
[2016-04-11 16:34:01] EDIT ireproject/views/default/product_details.html: 0
[2016-04-11 16:34:01] EDIT ireproject/views/default/product_details.html: 0
[2016-04-11 16:34:01] EDIT ireproject/views/default/product_details.html: 0
[2016-04-11 16:34:02] EDIT ireproject/views/default/product_details.html: 0
[2016-04-11 16:34:02] EDIT ireproject/views/default/product_details.html: 0
[2016-04-11 16:34:02] EDIT ireproject/views/default/product_details.html: 0
[2016-04-11 16:35:18] EDIT ireproject/views/default/product_details.html: 0
[2016-04-11 16:35:18] EDIT ireproject/views/default/product_details.html: 0
[2016-04-11 16:35:18] EDIT ireproject/views/default/product_details.html: 0
[2016-04-11 16:35:18] EDIT ireproject/views/default/product_details.html: 0
[2016-04-11 16:35:19] EDIT ireproject/views/default/product_details.html: 0
[2016-04-11 16:35:19] EDIT ireproject/views/default/product_details.html: 0
[2016-04-11 16:35:19] EDIT ireproject/views/default/product_details.html: 0
[2016-04-11 16:35:19] EDIT ireproject/views/default/product_details.html: 0
[2016-04-11 16:35:19] EDIT ireproject/views/default/product_details.html: 0
[2016-04-11 16:35:19] EDIT ireproject/views/default/product_details.html: 0
[2016-04-11 16:36:08] EDIT ireproject/controllers/default.py: 0
[2016-04-12 01:43:32] EDIT ireproject/views/default/product_details.html: 0
[2016-04-12 01:45:26] EDIT ireproject/views/default/product_details.html: 1
[2016-04-12 01:45:52] EDIT ireproject/views/default/product_details.html: 2
[2016-04-12 01:46:48] EDIT ireproject/controllers/default.py: 0
[2016-04-12 01:47:09] EDIT ireproject/views/default/product_details.html: 0
[2016-04-12 01:47:23] EDIT ireproject/views/default/product_details.html: -3
[2016-04-12 13:50:50] EDIT ireproject/views/default/product_details.html: 0
[2016-04-12 13:53:21] EDIT ireproject/views/default/product_details.html: 0
[2016-04-12 13:53:43] EDIT ireproject/controllers/default.py: 0
[2016-04-12 13:54:47] EDIT ireproject/views/default/product_details.html: 0
[2016-04-12 13:56:00] EDIT ireproject/controllers/default.py: 2
[2016-04-12 13:56:18] EDIT ireproject/controllers/default.py: 0
[2016-04-12 13:58:01] EDIT ireproject/controllers/default.py: 2
[2016-04-12 13:58:52] EDIT ireproject/controllers/default.py: 0
[2016-04-12 13:59:35] EDIT ireproject/controllers/default.py: 0
[2016-04-12 13:59:37] EDIT ireproject/controllers/default.py: 0
[2016-04-12 13:59:40] EDIT ireproject/controllers/default.py: 0
[2016-04-12 13:59:40] EDIT ireproject/controllers/default.py: 0
[2016-04-12 13:59:41] EDIT ireproject/controllers/default.py: 0
[2016-04-12 13:59:41] EDIT ireproject/controllers/default.py: 0
[2016-04-12 13:59:41] EDIT ireproject/controllers/default.py: 0
[2016-04-12 13:59:41] EDIT ireproject/controllers/default.py: 0
[2016-04-12 13:59:41] EDIT ireproject/controllers/default.py: 0
[2016-04-12 13:59:51] EDIT ireproject/controllers/default.py: -2
[2016-04-12 14:00:09] EDIT ireproject/controllers/default.py: 0
[2016-04-12 14:00:09] EDIT ireproject/controllers/default.py: 0
[2016-04-12 14:00:10] EDIT ireproject/controllers/default.py: 0
[2016-04-12 14:00:10] EDIT ireproject/controllers/default.py: 0
[2016-04-12 14:00:10] EDIT ireproject/controllers/default.py: 0
[2016-04-12 14:00:10] EDIT ireproject/controllers/default.py: 0
[2016-04-12 14:00:33] EDIT ireproject/controllers/default.py: 0
[2016-04-12 14:00:54] EDIT ireproject/controllers/default.py: 0
[2016-04-12 14:00:58] EDIT ireproject/controllers/default.py: 0
[2016-04-12 14:01:17] EDIT ireproject/controllers/default.py: 0
[2016-04-12 14:01:17] EDIT ireproject/controllers/default.py: 0
[2016-04-12 14:01:17] EDIT ireproject/controllers/default.py: 0
[2016-04-12 14:09:16] EDIT ireproject/views/default/sell.html: 0
[2016-04-12 14:10:49] EDIT ireproject/controllers/default.py: 0
[2016-04-12 14:11:24] EDIT ireproject/controllers/default.py: 0
[2016-04-12 14:11:40] EDIT ireproject/controllers/default.py: 0
[2016-04-12 14:14:35] EDIT ireproject/controllers/default.py: 2
[2016-04-12 14:14:39] EDIT ireproject/controllers/default.py: 0
[2016-04-12 14:14:39] EDIT ireproject/controllers/default.py: 0
[2016-04-12 14:15:00] EDIT ireproject/controllers/default.py: 0
[2016-04-12 14:15:04] EDIT ireproject/controllers/default.py: 0
