[2016-04-01 16:42:45] START
[2016-04-01 16:44:06] CREATE dbf.py: 0
[2016-04-01 16:44:25] EDIT ire/models/dbf.py: 13
[2016-04-01 16:44:54] EDIT ire/models/dbf.py: 0
[2016-04-01 16:58:00] EDIT ire/models/dbf.py: 0
[2016-04-01 17:12:24] EDIT ire/models/dbf.py: 2
[2016-04-01 17:13:32] EDIT ire/controllers/default.py: 4
[2016-04-01 17:13:42] EDIT ire/controllers/default.py: 0
[2016-04-01 17:13:43] EDIT ire/controllers/default.py: 0
[2016-04-01 17:13:43] EDIT ire/controllers/default.py: 0
[2016-04-01 17:13:43] EDIT ire/controllers/default.py: 0
[2016-04-01 17:13:43] EDIT ire/controllers/default.py: 0
[2016-04-01 17:13:43] EDIT ire/controllers/default.py: 0
[2016-04-01 17:13:43] EDIT ire/controllers/default.py: 0
[2016-04-01 17:14:19] EDIT ire/views/default/index.html: -47
[2016-04-01 17:15:21] EDIT ire/models/dbf.py: -2
[2016-04-01 17:15:21] EDIT ire/models/dbf.py: 0
[2016-04-01 17:15:22] EDIT ire/models/dbf.py: 0
[2016-04-01 17:15:22] EDIT ire/models/dbf.py: 0
[2016-04-01 17:17:07] EDIT ire/controllers/default.py: 0
[2016-04-01 17:17:23] EDIT ire/views/default/index.html: 0
