timestamp: 2016-04-01T19:40:22.922408
CREATE TABLE auth_user(
    id INTEGER PRIMARY KEY AUTOINCREMENT,
    first_name CHAR(128),
    last_name CHAR(128),
    email CHAR(512),
    password CHAR(512),
    registration_key CHAR(512),
    reset_password_key CHAR(512),
    registration_id CHAR(512)
);
success!
timestamp: 2016-04-01T19:40:23.199460
CREATE TABLE auth_group(
    id INTEGER PRIMARY KEY AUTOINCREMENT,
    role CHAR(512),
    description TEXT
);
success!
timestamp: 2016-04-01T19:40:23.333092
CREATE TABLE auth_membership(
    id INTEGER PRIMARY KEY AUTOINCREMENT,
    user_id INTEGER REFERENCES auth_user (id) ON DELETE CASCADE,
    group_id INTEGER REFERENCES auth_group (id) ON DELETE CASCADE
);
success!
timestamp: 2016-04-01T19:40:23.478124
CREATE TABLE auth_permission(
    id INTEGER PRIMARY KEY AUTOINCREMENT,
    group_id INTEGER REFERENCES auth_group (id) ON DELETE CASCADE,
    name CHAR(512),
    table_name CHAR(512),
    record_id INTEGER
);
success!
timestamp: 2016-04-01T19:40:23.634376
CREATE TABLE auth_event(
    id INTEGER PRIMARY KEY AUTOINCREMENT,
    time_stamp TIMESTAMP,
    client_ip CHAR(512),
    user_id INTEGER REFERENCES auth_user (id) ON DELETE CASCADE,
    origin CHAR(512),
    description TEXT
);
success!
timestamp: 2016-04-01T19:40:23.811967
CREATE TABLE auth_cas(
    id INTEGER PRIMARY KEY AUTOINCREMENT,
    user_id INTEGER REFERENCES auth_user (id) ON DELETE CASCADE,
    created_on TIMESTAMP,
    service CHAR(512),
    ticket CHAR(512),
    renew CHAR(1)
);
success!
timestamp: 2016-04-01T19:41:09.463827
CREATE TABLE product(
    id INTEGER PRIMARY KEY AUTOINCREMENT,
    product_id INTEGER,
    name CHAR(512),
    ratings CHAR(512),
    price CHAR(512),
    os CHAR(512),
    colour CHAR(512),
    ram CHAR(512),
    product_dimensions CHAR(512),
    connectivity_technologies CHAR(512),
    special_features CHAR(512),
    date_now CHAR(512)
);
success!
success!
success!
success!
success!
timestamp: 2016-04-10T14:55:37.196516
CREATE TABLE vendor(
    id INTEGER PRIMARY KEY AUTOINCREMENT,
    name CHAR(512),
    ratings CHAR(512),
    price CHAR(512),
    conditon CHAR(512),
    mom CHAR(512)
);
success!
timestamp: 2016-04-10T14:59:31.481717
CREATE TABLE seller(
    id INTEGER PRIMARY KEY AUTOINCREMENT,
    name CHAR(512),
    ratings CHAR(512),
    price CHAR(512),
    conditon CHAR(512),
    mom CHAR(512)
);
success!
timestamp: 2016-04-11T02:40:34.204374
ALTER TABLE seller ADD idd INTEGER;
success!
DELETE FROM seller;
DELETE FROM sqlite_sequence WHERE name='seller';
success!
DROP TABLE seller;
success!
timestamp: 2016-04-11T02:43:56.560708
CREATE TABLE seller(
    id INTEGER PRIMARY KEY AUTOINCREMENT,
    idd INTEGER,
    name CHAR(512),
    ratings CHAR(512),
    price CHAR(512),
    conditon CHAR(512),
    mom CHAR(512)
);
success!
DROP TABLE product;
success!
timestamp: 2016-04-11T15:06:48.280872
CREATE TABLE product(
    id INTEGER PRIMARY KEY AUTOINCREMENT,
    product_id INTEGER,
    name CHAR(512),
    ratings CHAR(512),
    price CHAR(512),
    os CHAR(512),
    colour CHAR(512),
    ram CHAR(512),
    product_dimensions CHAR(512),
    connectivity_technologies CHAR(512),
    special_features CHAR(512),
    date_now CHAR(512)
);
success!
DROP TABLE seller;
success!
timestamp: 2016-04-11T15:09:48.310838
CREATE TABLE seller(
    id INTEGER PRIMARY KEY AUTOINCREMENT,
    idd INTEGER,
    name CHAR(512),
    ratings CHAR(512),
    price CHAR(512),
    conditon CHAR(512),
    mom CHAR(512)
);
success!
